TpTrace Verbose: 0 : 22000, 1, 2023/07/14, 16:41:18.675, 3682394772204, datacollector.dll, Version: 17.5.0-release-20221220-01
TpTrace Information: 0 : 22000, 1, 2023/07/14, 16:41:18.678, 3682394806164, datacollector.dll, DataCollectorMain.Run: Starting data collector run with args: --port,62797,--parentprocessid,24700,--diag,D:\SHAProjectNew\SHAProject\bin\Debug\net7.0\fine-code-coverage\coverage-tool-output\diagnostics.datacollector.23-07-14_16-41-18_48020_1.log,--tracelevel,4
TpTrace Information: 0 : 22000, 1, 2023/07/14, 16:41:18.678, 3682394807272, datacollector.dll, DataCollector: Monitoring parent process with id: '24700'
TpTrace Information: 0 : 22000, 1, 2023/07/14, 16:41:18.686, 3682394885619, datacollector.dll, Trying to connect to server on socket : 127.0.0.1:62797 
TpTrace Verbose: 0 : 22000, 1, 2023/07/14, 16:41:18.692, 3682394944053, datacollector.dll, SocketCommunicationManager : SetupClientAsync : Attempting to connect to the server.
TpTrace Information: 0 : 22000, 6, 2023/07/14, 16:41:18.701, 3682395027896, datacollector.dll, Connected to the server successfully 
TpTrace Information: 0 : 22000, 6, 2023/07/14, 16:41:18.701, 3682395028938, datacollector.dll, Using the buffer size of 16384 bytes
TpTrace Information: 0 : 22000, 1, 2023/07/14, 16:41:18.787, 3682395889075, datacollector.dll, DataCollector: Start Request Processing.
TpTrace Verbose: 0 : 22000, 1, 2023/07/14, 16:41:18.787, 3682395891437, datacollector.dll, SocketCommunicationManager.WaitForServerConnection took: 0 ms, with 90000 ms timeout, and finished with True.
TpTrace Information: 0 : 22000, 1, 2023/07/14, 16:41:18.787, 3682395895467, datacollector.dll, DataCollectionRequestHandler.ProcessRequests: Datacollector received message: (DataCollection.BeforeTestRunStart) -> {"MessageType":"DataCollection.BeforeTestRunStart","Payload":{"SettingsXml":"<RunSettings><RunConfiguration><ResultsDirectory>D:\\SHAProjectNew\\SHAProject\\bin\\Debug\\net7.0\\fine-code-coverage\\coverage-tool-output</ResultsDirectory><TargetPlatform>X64</TargetPlatform><TargetFrameworkVersion>.NETCoreApp,Version=v7.0</TargetFrameworkVersion><DesignMode>False</DesignMode><CollectSourceInformation>False</CollectSourceInformation><TestAdaptersPaths>C:\\Program Files\\dotnet\\sdk\\7.0.203\\Extensions</TestAdaptersPaths></RunConfiguration><LoggerRunSettings><Loggers><Logger friendlyName=\"blame\" enabled=\"True\" /><Logger friendlyName=\"Console\" uri=\"logger://microsoft/TestPlatform/ConsoleLogger/v1\" assemblyQualifiedName=\"Microsoft.VisualStudio.TestPlatform.CommandLine.Internal.ConsoleLogger, vstest.console, Version=15.0.0.0, Culture=neutral, PublicKeyToken=b03f5f7f11d50a3a\" codeBase=\"C:\\Program Files\\dotnet\\sdk\\7.0.203\\vstest.console.dll\" enabled=\"True\" /></Loggers></LoggerRunSettings><DataCollectionRunSettings><DataCollectors><DataCollector friendlyName=\"blame\" enabled=\"True\"><Configuration><ResultsDirectory>D:\\SHAProjectNew\\SHAProject\\bin\\Debug\\net7.0\\fine-code-coverage\\coverage-tool-output</ResultsDirectory></Configuration></DataCollector></DataCollectors></DataCollectionRunSettings></RunSettings>","Sources":["D:\\SHAProjectNew\\SHAProject\\bin\\Debug\\net7.0\\fine-code-coverage\\build-output\\SHAProject.dll"],"IsTelemetryOptedIn":false}}
TpTrace Verbose: 0 : 22000, 1, 2023/07/14, 16:41:18.832, 3682396346397, datacollector.dll, TestPluginCache: Update extensions started. Skip filter = False
TpTrace Verbose: 0 : 22000, 1, 2023/07/14, 16:41:18.834, 3682396358542, datacollector.dll, TestPluginCache: Using directories for assembly resolution 'C:\Program Files\dotnet\sdk\7.0.203\Extensions'.
TpTrace Verbose: 0 : 22000, 1, 2023/07/14, 16:41:18.834, 3682396359314, datacollector.dll, TestPluginCache: Updated the available extensions to 'C:\Program Files\dotnet\sdk\7.0.203\Extensions\Microsoft.TestPlatform.Extensions.BlameDataCollector.dll,C:\Program Files\dotnet\sdk\7.0.203\Extensions\Microsoft.TestPlatform.Extensions.EventLogCollector.dll'.
TpTrace Verbose: 0 : 22000, 1, 2023/07/14, 16:41:18.842, 3682396442967, datacollector.dll, TestPluginCache.DiscoverTestExtensions: finding test extensions in assemblies ends with: Collector.dll TPluginInfo: Microsoft.VisualStudio.TestPlatform.Common.DataCollector.DataCollectorConfig TExtension: Microsoft.VisualStudio.TestPlatform.ObjectModel.DataCollection.DataCollector
TpTrace Verbose: 0 : 22000, 1, 2023/07/14, 16:41:18.843, 3682396457007, datacollector.dll, TestPluginCache.GetExtensionPaths: Filtered extension paths: C:\Program Files\dotnet\sdk\7.0.203\Extensions\Microsoft.TestPlatform.Extensions.BlameDataCollector.dll
C:\Program Files\dotnet\sdk\7.0.203\Extensions\Microsoft.TestPlatform.Extensions.EventLogCollector.dll
TpTrace Verbose: 0 : 22000, 1, 2023/07/14, 16:41:18.844, 3682396457795, datacollector.dll, TestPluginCache.GetExtensionPaths: Added default extension paths: 
TpTrace Verbose: 0 : 22000, 1, 2023/07/14, 16:41:18.844, 3682396459570, datacollector.dll, TestPluginCache.GetExtensionPaths: Added unfilterableExtensionPaths: 
TpTrace Information: 0 : 22000, 1, 2023/07/14, 16:41:18.845, 3682396471003, datacollector.dll, AssemblyResolver.ctor: Creating AssemblyResolver with searchDirectories C:\Program Files\dotnet\sdk\7.0.203\Extensions,C:\Program Files\dotnet\sdk\7.0.203
TpTrace Verbose: 0 : 22000, 1, 2023/07/14, 16:41:18.846, 3682396482689, datacollector.dll, TestPluginCache.DiscoverTestExtensions: Discovering the extensions using extension path.
TpTrace Verbose: 0 : 22000, 1, 2023/07/14, 16:41:18.846, 3682396484124, datacollector.dll, TestPluginCache.GetExtensionPaths: Filtered extension paths: C:\Program Files\dotnet\sdk\7.0.203\Extensions\Microsoft.TestPlatform.Extensions.BlameDataCollector.dll
C:\Program Files\dotnet\sdk\7.0.203\Extensions\Microsoft.TestPlatform.Extensions.EventLogCollector.dll
TpTrace Verbose: 0 : 22000, 1, 2023/07/14, 16:41:18.846, 3682396484449, datacollector.dll, TestPluginCache.GetExtensionPaths: Added default extension paths: 
TpTrace Verbose: 0 : 22000, 1, 2023/07/14, 16:41:18.846, 3682396484711, datacollector.dll, TestPluginCache.GetExtensionPaths: Added unfilterableExtensionPaths: 
TpTrace Verbose: 0 : 22000, 1, 2023/07/14, 16:41:18.846, 3682396484975, datacollector.dll, TestPluginCache.DiscoverTestExtensions: Discovering the extensions using allExtensionPaths: C:\Program Files\dotnet\sdk\7.0.203\Extensions\Microsoft.TestPlatform.Extensions.BlameDataCollector.dll
C:\Program Files\dotnet\sdk\7.0.203\Extensions\Microsoft.TestPlatform.Extensions.EventLogCollector.dll
TpTrace Information: 0 : 22000, 1, 2023/07/14, 16:41:18.846, 3682396485747, datacollector.dll, AssemblyResolver.AddSearchDirectories: Adding more searchDirectories C:\Program Files\dotnet\sdk\7.0.203\Extensions,C:\Program Files\dotnet\sdk\7.0.203
TpTrace Information: 0 : 22000, 1, 2023/07/14, 16:41:18.846, 3682396486118, datacollector.dll, AssemblyResolver.AddSearchDirectories: Adding more searchDirectories C:\Program Files\dotnet\sdk\7.0.203\Extensions,C:\Program Files\dotnet\sdk\7.0.203
TpTrace Information: 0 : 22000, 1, 2023/07/14, 16:41:18.847, 3682396488937, datacollector.dll, AssemblyResolver.OnResolve: Microsoft.TestPlatform.Extensions.BlameDataCollector: Resolving assembly.
TpTrace Information: 0 : 22000, 1, 2023/07/14, 16:41:18.847, 3682396489419, datacollector.dll, AssemblyResolver.OnResolve: Microsoft.TestPlatform.Extensions.BlameDataCollector: Searching in: 'C:\Program Files\dotnet\sdk\7.0.203\Extensions'.
TpTrace Information: 0 : 22000, 1, 2023/07/14, 16:41:18.856, 3682396585345, datacollector.dll, AssemblyResolver.OnResolve: Microsoft.TestPlatform.Extensions.BlameDataCollector: Loading assembly 'C:\Program Files\dotnet\sdk\7.0.203\Extensions\Microsoft.TestPlatform.Extensions.BlameDataCollector.dll'.
TpTrace Information: 0 : 22000, 1, 2023/07/14, 16:41:18.857, 3682396594130, datacollector.dll, AssemblyResolver.OnResolve: Resolved assembly: Microsoft.TestPlatform.Extensions.BlameDataCollector, from path: C:\Program Files\dotnet\sdk\7.0.203\Extensions\Microsoft.TestPlatform.Extensions.BlameDataCollector.dll
TpTrace Verbose: 0 : 22000, 1, 2023/07/14, 16:41:18.859, 3682396609913, datacollector.dll, MetadataReaderExtensionsHelper: Discovering extensions inside assembly 'Microsoft.TestPlatform.Extensions.BlameDataCollector, Version=15.0.0.0, Culture=neutral, PublicKeyToken=b03f5f7f11d50a3a' file path 'C:\Program Files\dotnet\sdk\7.0.203\Extensions\Microsoft.TestPlatform.Extensions.BlameDataCollector.dll'
TpTrace Error: 0 : 22000, 1, 2023/07/14, 16:41:18.862, 3682396644375, datacollector.dll, The type "Microsoft.TestPlatform.Extensions.BlameDataCollector.BlameCollector" defined in "Microsoft.TestPlatform.Extensions.BlameDataCollector.dll" does not have ExtensionUri attribute.
TpTrace Information: 0 : 22000, 1, 2023/07/14, 16:41:18.864, 3682396658860, datacollector.dll, GetTestExtensionFromType: Register extension with identifier data 'datacollector://microsoft/TestPlatform/Extensions/Blame/v1' and type 'Microsoft.TestPlatform.Extensions.BlameDataCollector.BlameCollector, Microsoft.TestPlatform.Extensions.BlameDataCollector, Version=15.0.0.0, Culture=neutral, PublicKeyToken=b03f5f7f11d50a3a' inside file 'C:\Program Files\dotnet\sdk\7.0.203\Extensions\Microsoft.TestPlatform.Extensions.BlameDataCollector.dll'
TpTrace Information: 0 : 22000, 1, 2023/07/14, 16:41:18.864, 3682396662799, datacollector.dll, AssemblyResolver.OnResolve: Microsoft.TestPlatform.Extensions.EventLogCollector: Resolving assembly.
TpTrace Information: 0 : 22000, 1, 2023/07/14, 16:41:18.864, 3682396663024, datacollector.dll, AssemblyResolver.OnResolve: Microsoft.TestPlatform.Extensions.EventLogCollector: Searching in: 'C:\Program Files\dotnet\sdk\7.0.203\Extensions'.
TpTrace Information: 0 : 22000, 1, 2023/07/14, 16:41:18.865, 3682396669071, datacollector.dll, AssemblyResolver.OnResolve: Microsoft.TestPlatform.Extensions.EventLogCollector: Loading assembly 'C:\Program Files\dotnet\sdk\7.0.203\Extensions\Microsoft.TestPlatform.Extensions.EventLogCollector.dll'.
TpTrace Information: 0 : 22000, 1, 2023/07/14, 16:41:18.866, 3682396683262, datacollector.dll, AssemblyResolver.OnResolve: Resolved assembly: Microsoft.TestPlatform.Extensions.EventLogCollector, from path: C:\Program Files\dotnet\sdk\7.0.203\Extensions\Microsoft.TestPlatform.Extensions.EventLogCollector.dll
TpTrace Verbose: 0 : 22000, 1, 2023/07/14, 16:41:18.866, 3682396683812, datacollector.dll, MetadataReaderExtensionsHelper: Discovering extensions inside assembly 'Microsoft.TestPlatform.Extensions.EventLogCollector, Version=15.0.0.0, Culture=neutral, PublicKeyToken=b03f5f7f11d50a3a' file path 'C:\Program Files\dotnet\sdk\7.0.203\Extensions\Microsoft.TestPlatform.Extensions.EventLogCollector.dll'
TpTrace Error: 0 : 22000, 1, 2023/07/14, 16:41:18.868, 3682396706709, datacollector.dll, The type "Microsoft.TestPlatform.Extensions.EventLogCollector.EventLogDataCollector" defined in "Microsoft.TestPlatform.Extensions.EventLogCollector.dll" does not have ExtensionUri attribute.
TpTrace Information: 0 : 22000, 1, 2023/07/14, 16:41:18.869, 3682396709286, datacollector.dll, GetTestExtensionFromType: Register extension with identifier data 'datacollector://microsoft/EventLog/2.0' and type 'Microsoft.TestPlatform.Extensions.EventLogCollector.EventLogDataCollector, Microsoft.TestPlatform.Extensions.EventLogCollector, Version=15.0.0.0, Culture=neutral, PublicKeyToken=b03f5f7f11d50a3a' inside file 'C:\Program Files\dotnet\sdk\7.0.203\Extensions\Microsoft.TestPlatform.Extensions.EventLogCollector.dll'
TpTrace Verbose: 0 : 22000, 1, 2023/07/14, 16:41:18.869, 3682396713170, datacollector.dll, TestPluginCache: Discovered the extensions using extension path 'C:\Program Files\dotnet\sdk\7.0.203\Extensions\Microsoft.TestPlatform.Extensions.BlameDataCollector.dll,C:\Program Files\dotnet\sdk\7.0.203\Extensions\Microsoft.TestPlatform.Extensions.EventLogCollector.dll'.
TpTrace Verbose: 0 : 22000, 1, 2023/07/14, 16:41:18.869, 3682396713672, datacollector.dll, TestPluginCache: Discoverers are ''.
TpTrace Verbose: 0 : 22000, 1, 2023/07/14, 16:41:18.869, 3682396713822, datacollector.dll, TestPluginCache: Executors are ''.
TpTrace Verbose: 0 : 22000, 1, 2023/07/14, 16:41:18.869, 3682396714501, datacollector.dll, TestPluginCache: Executors2 are ''.
TpTrace Verbose: 0 : 22000, 1, 2023/07/14, 16:41:18.869, 3682396715083, datacollector.dll, TestPluginCache: Setting providers are ''.
TpTrace Verbose: 0 : 22000, 1, 2023/07/14, 16:41:18.869, 3682396715256, datacollector.dll, TestPluginCache: Loggers are ''.
TpTrace Verbose: 0 : 22000, 1, 2023/07/14, 16:41:18.869, 3682396715393, datacollector.dll, TestPluginCache: TestHosts are ''.
TpTrace Verbose: 0 : 22000, 1, 2023/07/14, 16:41:18.869, 3682396716191, datacollector.dll, TestPluginCache: DataCollectors are 'datacollector://microsoft/TestPlatform/Extensions/Blame/v1,datacollector://microsoft/EventLog/2.0'.
TpTrace Information: 0 : 22000, 1, 2023/07/14, 16:41:18.871, 3682396737046, datacollector.dll, TestPluginManager.CreateTestExtension: Attempting to load test extension: Microsoft.TestPlatform.Extensions.BlameDataCollector.BlameCollector
TpTrace Information: 0 : 22000, 1, 2023/07/14, 16:41:18.880, 3682396817464, datacollector.dll, [MonitorPostmortemDump]Monitor enabled: 'False'
TpTrace Verbose: 0 : 22000, 1, 2023/07/14, 16:41:18.881, 3682396828316, datacollector.dll, MulticastDelegateUtilities.SafeInvoke: DataCollectionEvents.SessionStart: Invoking callbacks was skipped because there are no subscribers.
TpTrace Information: 0 : 22000, 1, 2023/07/14, 16:41:18.881, 3682396833039, datacollector.dll, Listening on Endpoint : 127.0.0.1:62801
TpTrace Information: 0 : 22000, 1, 2023/07/14, 16:41:18.889, 3682396912089, datacollector.dll, DataCollectionRequestHandler.ProcessRequests : DataCollection started.
TpTrace Information: 0 : 22000, 1, 2023/07/14, 16:41:18.912, 3682397138670, datacollector.dll, DataCollectionRequestHandler.ProcessRequests: Datacollector received message: (DataCollection.TestHostLaunched) -> {"MessageType":"DataCollection.TestHostLaunched","Payload":{"ProcessId":12572}}
TpTrace Verbose: 0 : 22000, 1, 2023/07/14, 16:41:18.914, 3682397162268, datacollector.dll, MulticastDelegateUtilities.SafeInvoke: DataCollectionEvents.TestHostLaunched: Invoking callback 1/1 for Microsoft.TestPlatform.Extensions.BlameDataCollector.BlameCollector., took 0 ms.
TpTrace Information: 0 : 22000, 8, 2023/07/14, 16:41:19.268, 3682400705806, datacollector.dll, Using the buffer size of 16384 bytes
TpTrace Verbose: 0 : 22000, 6, 2023/07/14, 16:41:19.268, 3682400705823, datacollector.dll, SocketCommunicationManager.WaitForClientConnection took: 383 ms, with 90000 ms timeout, and finished with True.
TpTrace Information: 0 : 22000, 8, 2023/07/14, 16:41:19.268, 3682400706588, datacollector.dll, Accepted Client request and set the flag
TpTrace Information: 0 : 22000, 6, 2023/07/14, 16:41:19.903, 3682407054236, datacollector.dll, DataCollectionTestCaseEventHandler: Test session ended
TpTrace Information: 0 : 22000, 1, 2023/07/14, 16:41:19.968, 3682407704568, datacollector.dll, DataCollectionRequestHandler.ProcessRequests: Datacollector received message: (DataCollection.AfterTestRunEnd) -> {"MessageType":"DataCollection.AfterTestRunEnd","Payload":false}
TpTrace Information: 0 : 22000, 1, 2023/07/14, 16:41:19.969, 3682407712733, datacollector.dll, Blame Collector: Session End
TpTrace Information: 0 : 22000, 1, 2023/07/14, 16:41:19.969, 3682407713361, datacollector.dll, BlameCollector.CollectDumpAndAbortTesthost: Custom path to dump directory was provided via VSTEST_DUMP_PATH. Skipping attachment upload, the caller is responsible for collecting and uploading the dumps themselves.
TpTrace Verbose: 0 : 22000, 1, 2023/07/14, 16:41:19.969, 3682407713862, datacollector.dll, MulticastDelegateUtilities.SafeInvoke: DataCollectionEvents.SessionEnd: Invoking callback 1/1 for Microsoft.TestPlatform.Extensions.BlameDataCollector.BlameCollector., took 0 ms.
TpTrace Information: 0 : 22000, 1, 2023/07/14, 16:41:19.970, 3682407719171, datacollector.dll, DataCollectionManager.CleanupPlugins: CleanupPlugins called
TpTrace Verbose: 0 : 22000, 1, 2023/07/14, 16:41:19.970, 3682407719573, datacollector.dll, DataCollectionManager.CleanupPlugins: Cleaning up 1 plugins
TpTrace Verbose: 0 : 22000, 1, 2023/07/14, 16:41:19.970, 3682407720517, datacollector.dll, dataCollectorInfo.DisposeDataCollector: calling Dispose() on Microsoft.TestPlatform.Extensions.BlameDataCollector.BlameCollector
TpTrace Information: 0 : 22000, 1, 2023/07/14, 16:41:19.970, 3682407721381, datacollector.dll, DataCollectionManager.CleanupPlugins: CleanupPlugins finished
TpTrace Information: 0 : 22000, 1, 2023/07/14, 16:41:19.975, 3682407772066, datacollector.dll, DataCollectionRequestHandler.ProcessRequests : Session End message received from server. Closing the connection.
TpTrace Information: 0 : 22000, 1, 2023/07/14, 16:41:19.975, 3682407774171, datacollector.dll, Closing the connection !
TpTrace Information: 0 : 22000, 1, 2023/07/14, 16:41:19.975, 3682407774522, datacollector.dll, DataCollectionRequestHandler.ProcessRequests : DataCollection completed
TpTrace Information: 0 : 22000, 1, 2023/07/14, 16:41:19.975, 3682407774743, datacollector.dll, Program.Main: exiting datacollector process.
